<?xml version="1.0" encoding="UTF-8"?>
<!-- Generated by org.testng.reporters.JUnitXMLReporter -->
<testsuite ignored="0" hostname="Vietnam-4658" failures="0" tests="4" name="OrangeHRM" time="11.487" errors="0" timestamp="2023-06-27T09:49:57 ICT">
  <testcase classname="test.GroupTest" name="TestNav" time="3.305"/>
  <testcase classname="test.GroupTest" name="TestLogin" time="1.889"/>
  <testcase classname="test.GroupTest" name="TestGetUsername" time="0.4"/>
  <testcase classname="test.GroupTest" name="TestNavtoAdmin" time="1.674"/>
</testsuite> <!-- OrangeHRM -->
