<?xml version="1.0" encoding="UTF-8"?>
<testng-results ignored="0" total="4" passed="4" failed="0" skipped="0">
  <reporter-output>
  </reporter-output>
  <suite started-at="2023-06-27T09:49:45 ICT" name="Default Suite" finished-at="2023-06-27T09:49:57 ICT" duration-ms="11487">
    <groups>
      <group name="group-1">
        <method signature="GroupTest.TestNav()[pri:0, instance:test.GroupTest@48fa0f47]" name="TestNav" class="test.GroupTest"/>
        <method signature="GroupTest.TestLogin(java.lang.String,java.lang.String)[pri:1, instance:test.GroupTest@48fa0f47]" name="TestLogin" class="test.GroupTest"/>
        <method signature="GroupTest.TestGetUsername()[pri:2, instance:test.GroupTest@48fa0f47]" name="TestGetUsername" class="test.GroupTest"/>
        <method signature="GroupTest.TestNavtoAdmin()[pri:3, instance:test.GroupTest@48fa0f47]" name="TestNavtoAdmin" class="test.GroupTest"/>
      </group> <!-- group-1 -->
    </groups>
    <test started-at="2023-06-27T09:49:45 ICT" name="OrangeHRM" finished-at="2023-06-27T09:49:57 ICT" duration-ms="11487">
      <class name="test.GroupTest">
        <test-method is-config="true" signature="setUp()[pri:0, instance:test.GroupTest@48fa0f47]" started-at="2023-06-27T09:49:45 ICT" name="setUp" finished-at="2023-06-27T09:49:47 ICT" duration-ms="2415" status="PASS">
          <reporter-output>
          </reporter-output>
        </test-method> <!-- setUp -->
        <test-method is-config="true" signature="BeforeTest()[pri:0, instance:test.GroupTest@48fa0f47]" started-at="2023-06-27T09:49:47 ICT" name="BeforeTest" finished-at="2023-06-27T09:49:49 ICT" duration-ms="1293" status="PASS">
          <reporter-output>
          </reporter-output>
        </test-method> <!-- BeforeTest -->
        <test-method signature="TestNav()[pri:0, instance:test.GroupTest@48fa0f47]" started-at="2023-06-27T09:49:49 ICT" name="TestNav" finished-at="2023-06-27T09:49:52 ICT" duration-ms="3305" status="PASS">
          <reporter-output>
          </reporter-output>
        </test-method> <!-- TestNav -->
        <test-method signature="TestLogin(java.lang.String,java.lang.String)[pri:1, instance:test.GroupTest@48fa0f47]" started-at="2023-06-27T09:49:52 ICT" name="TestLogin" data-provider="data" finished-at="2023-06-27T09:49:54 ICT" duration-ms="1889" status="PASS">
          <params>
            <param index="0">
              <value>
                <![CDATA[Admin]]>
              </value>
            </param>
            <param index="1">
              <value>
                <![CDATA[admin123]]>
              </value>
            </param>
          </params>
          <reporter-output>
          </reporter-output>
        </test-method> <!-- TestLogin -->
        <test-method signature="TestGetUsername()[pri:2, instance:test.GroupTest@48fa0f47]" started-at="2023-06-27T09:49:54 ICT" name="TestGetUsername" finished-at="2023-06-27T09:49:54 ICT" duration-ms="400" status="PASS">
          <reporter-output>
          </reporter-output>
        </test-method> <!-- TestGetUsername -->
        <test-method signature="TestNavtoAdmin()[pri:3, instance:test.GroupTest@48fa0f47]" started-at="2023-06-27T09:49:54 ICT" name="TestNavtoAdmin" finished-at="2023-06-27T09:49:56 ICT" duration-ms="1674" status="PASS">
          <reporter-output>
          </reporter-output>
        </test-method> <!-- TestNavtoAdmin -->
        <test-method is-config="true" signature="AfterTest()[pri:0, instance:test.GroupTest@48fa0f47]" started-at="2023-06-27T09:49:56 ICT" name="AfterTest" finished-at="2023-06-27T09:49:56 ICT" duration-ms="200" status="PASS">
          <reporter-output>
          </reporter-output>
        </test-method> <!-- AfterTest -->
        <test-method is-config="true" signature="tearDown()[pri:0, instance:test.GroupTest@48fa0f47]" started-at="2023-06-27T09:49:56 ICT" name="tearDown" finished-at="2023-06-27T09:49:57 ICT" duration-ms="248" status="PASS">
          <reporter-output>
          </reporter-output>
        </test-method> <!-- tearDown -->
      </class> <!-- test.GroupTest -->
    </test> <!-- OrangeHRM -->
  </suite> <!-- Default Suite -->
</testng-results>
